<?xml version="1.0" encoding="UTF-8"?>
<testsuite name="SearchFilterTest" tests="1" skipped="0" failures="0" errors="0" timestamp="2024-11-03T16:59:41" hostname="DESKTOP-5J2VCGH" time="25.617">
  <properties/>
  <testcase name="[1] CHROME_DRIVER, 1024, 768" classname="SearchFilterTest" time="25.617"/>
  <system-out><![CDATA[]]></system-out>
  <system-err><![CDATA[SLF4J(W): No SLF4J providers were found.
SLF4J(W): Defaulting to no-operation (NOP) logger implementation
SLF4J(W): See https://www.slf4j.org/codes.html#noProviders for further details.
Nov 03, 2024 8:59:43 PM org.openqa.selenium.devtools.CdpVersionFinder findNearestMatch
WARNING: Unable to find an exact match for CDP version 130, returning the closest version; found: 129; Please update to a Selenium version that supports CDP version 130
]]></system-err>
</testsuite>
